<?xml version="1.0" encoding="UTF-8"?>
<!-- Generated by org.testng.reporters.JUnitReportReporter -->
<testsuite hostname="B78J1TV3" failures="0" tests="1" name="com.ui.tests.LoginTest3" time="2.928" errors="0" timestamp="2025-03-30T19:34:57 IST" skipped="0">
  <testcase classname="com.ui.tests.LoginTest3" name="LoginTest" time="2.928"/>
</testsuite> <!-- com.ui.tests.LoginTest3 -->
