<?xml version="1.0" encoding="UTF-8"?>
<!-- Generated by org.testng.reporters.JUnitReportReporter -->
<testsuite hostname="B78J1TV3" failures="0" tests="1" name="com.ui.tests.LoginTest" time="3.420" errors="0" timestamp="2025-03-31T11:56:31 IST" skipped="0">
  <testcase classname="com.ui.tests.LoginTest" name="loginTest" time="3.420"/>
</testsuite> <!-- com.ui.tests.LoginTest -->
