<?xml version="1.0" encoding="UTF-8"?>
<!-- Generated by org.testng.reporters.JUnitReportReporter -->
<testsuite hostname="B78J1TV3" failures="0" tests="1" name="com.ui.tests.LoginTest" time="12.981" errors="0" timestamp="2025-04-09T18:12:12 IST" skipped="0">
  <testcase classname="com.ui.tests.LoginTest" name="loginExcelTest" time="12.981"/>
</testsuite> <!-- com.ui.tests.LoginTest -->
